Wed Apr 08 2015 16:25:49 GMT-0700 (PDT):
{ [Error]
  stack: [Getter/Setter],
  html: 
   { head: { title: 'Web Site - Unavailable', style: [Object] },
     body: { '$': [Object], div: [Object] } },
  statusCode: 403,
  __frame: 
   { name: 'doLogStream',
     line: 251,
     file: '/usr/local/lib/node_modules/azure-cli/lib/commands/asm/site.log._js',
     prev: 
      { name: '__2',
        line: 82,
        file: '/usr/local/lib/node_modules/azure-cli/lib/commands/asm/site.log._js',
        prev: undefined,
        active: false,
        offset: 14,
        col: 18 },
     active: false,
     offset: 8,
     col: 11 },
  rawStack: [Getter] }
Error
    at Function.ServiceClient._normalizeError (/usr/local/lib/node_modules/azure-cli/node_modules/azure-common/lib/services/serviceclient.js:809:23)
    at ScmService.ServiceClient._processResponse (/usr/local/lib/node_modules/azure-cli/node_modules/azure-common/lib/services/serviceclient.js:450:41)
    at processResponseCallback (/usr/local/lib/node_modules/azure-cli/node_modules/azure-common/lib/services/serviceclient.js:213:35)
    at IncomingMessage.<anonymous> (/usr/local/lib/node_modules/azure-cli/node_modules/azure-common/lib/services/serviceclient.js:242:17)
    at IncomingMessage.emit (events.js:117:20)
    at _stream_readable.js:944:16
    at process._tickCallback (node.js:442:13)
    at doLogStream (/usr/local/lib/node_modules/azure-cli/lib/commands/asm/site.log._js:259:11)
    at __2 (/usr/local/lib/node_modules/azure-cli/lib/commands/asm/site.log._js:96:18)

